2024-12-24 16:24:02,783HH:mm:ss.SSS) [main] INFO  api.test.userTests(36) - ***********************Updating User ****************************
2024-12-24 16:24:05,374HH:mm:ss.SSS) [main] INFO  api.test.userTests(36) - ***********************User Updated ****************************
2024-12-24 16:24:07,961HH:mm:ss.SSS) [main] INFO  api.test.userTests(36) - ***********************Deleting User ****************************
2024-12-24 16:24:10,783HH:mm:ss.SSS) [main] INFO  api.test.userTests(36) - ***********************User Deleted ****************************
2024-12-24 16:25:54,776HH:mm:ss.SSS) [main] DEBUG org.testng.TestNG(36) - suiteXmlPath: "C:\Users\damin\eclipse-workspace\PetStoreAutomation\testng.xml"
2024-12-24 16:26:24,387HH:mm:ss.SSS) [main] INFO  api.test.userTests(36) - ***********************Creating User ****************************
2024-12-24 16:26:26,806HH:mm:ss.SSS) [main] INFO  api.test.userTests(36) - ***********************User Created ****************************
2024-12-24 16:26:26,809HH:mm:ss.SSS) [main] INFO  api.test.userTests(36) - ***********************Reading User ****************************
2024-12-24 16:26:29,391HH:mm:ss.SSS) [main] INFO  api.test.userTests(36) - ***********************User Read ****************************
2024-12-24 16:26:29,393HH:mm:ss.SSS) [main] INFO  api.test.userTests(36) - ***********************Updating User ****************************
2024-12-24 16:26:31,307HH:mm:ss.SSS) [main] INFO  api.test.userTests(36) - ***********************User Updated ****************************
2024-12-24 16:26:33,826HH:mm:ss.SSS) [main] INFO  api.test.userTests(36) - ***********************Deleting User ****************************
2024-12-24 16:26:37,136HH:mm:ss.SSS) [main] INFO  api.test.userTests(36) - ***********************User Deleted ****************************
2024-12-24 16:28:59,778HH:mm:ss.SSS) [main] DEBUG org.testng.TestNG(36) - suiteXmlPath: "C:\Users\damin\eclipse-workspace\PetStoreAutomation\testng.xml"
2024-12-24 16:29:25,441HH:mm:ss.SSS) [main] INFO  api.test.userTests(36) - ***********************Creating User ****************************
2024-12-24 16:29:27,363HH:mm:ss.SSS) [main] INFO  api.test.userTests(36) - ***********************User Created ****************************
2024-12-24 16:29:27,366HH:mm:ss.SSS) [main] INFO  api.test.userTests(36) - ***********************Reading User ****************************
2024-12-24 16:29:30,158HH:mm:ss.SSS) [main] INFO  api.test.userTests(36) - ***********************User Read ****************************
2024-12-24 16:29:30,160HH:mm:ss.SSS) [main] INFO  api.test.userTests(36) - ***********************Updating User ****************************
2024-12-24 16:29:33,069HH:mm:ss.SSS) [main] INFO  api.test.userTests(36) - ***********************User Updated ****************************
2024-12-24 16:29:35,899HH:mm:ss.SSS) [main] INFO  api.test.userTests(36) - ***********************Deleting User ****************************
2024-12-24 16:29:38,492HH:mm:ss.SSS) [main] INFO  api.test.userTests(36) - ***********************User Deleted ****************************
2024-12-24 16:33:07,381HH:mm:ss.SSS) [main] DEBUG org.testng.TestNG(36) - suiteXmlPath: "C:\Users\damin\AppData\Local\Temp\testng-eclipse--1487979980\testng-customsuite.xml"
2024-12-24 16:33:07,587HH:mm:ss.SSS) [main] INFO  org.testng.internal.Utils(36) - [Utils] MethodGroupsHelper.collectMethodsByGroup() took 0 ms.
2024-12-24 16:33:07,590HH:mm:ss.SSS) [main] INFO  org.testng.internal.Utils(36) - [Utils] MethodGroupsHelper.sortMethods() took 2 ms.
2024-12-24 16:33:07,591HH:mm:ss.SSS) [main] INFO  org.testng.internal.Utils(36) - [Utils] MethodGroupsHelper.collectMethodsByGroup() took 0 ms.
2024-12-24 16:33:07,591HH:mm:ss.SSS) [main] INFO  org.testng.internal.Utils(36) - [Utils] MethodGroupsHelper.sortMethods() took 0 ms.
2024-12-24 16:33:07,594HH:mm:ss.SSS) [main] INFO  org.testng.internal.Utils(36) - [Utils] MethodGroupsHelper.collectMethodsByGroup() took 2 ms.
2024-12-24 16:33:07,603HH:mm:ss.SSS) [main] INFO  org.testng.internal.Utils(36) - [Utils] MethodGroupsHelper.sortMethods() took 9 ms.
2024-12-24 16:33:07,604HH:mm:ss.SSS) [main] INFO  org.testng.internal.Utils(36) - [Utils] MethodGroupsHelper.collectMethodsByGroup() took 0 ms.
2024-12-24 16:33:07,604HH:mm:ss.SSS) [main] INFO  org.testng.internal.Utils(36) - [Utils] MethodGroupsHelper.sortMethods() took 0 ms.
2024-12-24 16:33:07,604HH:mm:ss.SSS) [main] INFO  org.testng.internal.Utils(36) - [Utils] MethodGroupsHelper.collectMethodsByGroup() took 0 ms.
2024-12-24 16:33:07,604HH:mm:ss.SSS) [main] INFO  org.testng.internal.Utils(36) - [Utils] MethodGroupsHelper.sortMethods() took 0 ms.
2024-12-24 16:33:07,604HH:mm:ss.SSS) [main] INFO  org.testng.internal.Utils(36) - [Utils] MethodGroupsHelper.collectMethodsByGroup() took 0 ms.
2024-12-24 16:33:07,604HH:mm:ss.SSS) [main] INFO  org.testng.internal.Utils(36) - [Utils] MethodGroupsHelper.sortMethods() took 0 ms.
2024-12-24 16:33:07,604HH:mm:ss.SSS) [main] INFO  org.testng.internal.Utils(36) - [Utils] MethodGroupsHelper.collectMethodsByGroup() took 0 ms.
2024-12-24 16:33:07,604HH:mm:ss.SSS) [main] INFO  org.testng.internal.Utils(36) - [Utils] MethodGroupsHelper.sortMethods() took 0 ms.
2024-12-24 16:33:07,604HH:mm:ss.SSS) [main] INFO  org.testng.internal.Utils(36) - [Utils] MethodGroupsHelper.collectMethodsByGroup() took 0 ms.
2024-12-24 16:33:07,604HH:mm:ss.SSS) [main] INFO  org.testng.internal.Utils(36) - [Utils] MethodGroupsHelper.sortMethods() took 0 ms.
2024-12-24 16:33:07,606HH:mm:ss.SSS) [main] INFO  org.testng.internal.Utils(36) - [Utils] MethodGroupsHelper.collectMethodsByGroup() took 0 ms.
2024-12-24 16:33:07,607HH:mm:ss.SSS) [main] INFO  org.testng.internal.Utils(36) - [Utils] MethodGroupsHelper.sortMethods() took 0 ms.
2024-12-24 16:33:07,607HH:mm:ss.SSS) [main] INFO  org.testng.internal.Utils(36) - [Utils] MethodGroupsHelper.collectMethodsByGroup() took 0 ms.
2024-12-24 16:33:07,607HH:mm:ss.SSS) [main] INFO  org.testng.internal.Utils(36) - [Utils] MethodGroupsHelper.sortMethods() took 0 ms.
2024-12-24 16:33:07,609HH:mm:ss.SSS) [main] INFO  org.testng.internal.Utils(36) - [Utils] MethodGroupsHelper.collectMethodsByGroup() took 0 ms.
2024-12-24 16:33:07,609HH:mm:ss.SSS) [main] INFO  org.testng.internal.Utils(36) - [Utils] MethodGroupsHelper.sortMethods() took 0 ms.
2024-12-24 16:33:07,610HH:mm:ss.SSS) [main] INFO  org.testng.internal.Utils(36) - [Utils] MethodGroupsHelper.collectMethodsByGroup() took 1 ms.
2024-12-24 16:33:07,610HH:mm:ss.SSS) [main] INFO  org.testng.internal.Utils(36) - [Utils] MethodGroupsHelper.sortMethods() took 0 ms.
2024-12-24 16:33:07,611HH:mm:ss.SSS) [main] INFO  org.testng.internal.Utils(36) - [Utils] MethodGroupsHelper.collectMethodsByGroup() took 0 ms.
2024-12-24 16:33:07,615HH:mm:ss.SSS) [main] INFO  org.testng.internal.Utils(36) - [Utils] MethodGroupsHelper.sortMethods() took 4 ms.
2024-12-24 16:33:07,617HH:mm:ss.SSS) [main] INFO  org.testng.internal.Utils(36) - [Utils] MethodGroupsHelper.collectMethodsByGroup() took 0 ms.
2024-12-24 16:33:07,617HH:mm:ss.SSS) [main] INFO  org.testng.internal.Utils(36) - [Utils] MethodGroupsHelper.sortMethods() took 0 ms.
2024-12-24 16:33:07,617HH:mm:ss.SSS) [main] INFO  org.testng.internal.Utils(36) - [Utils] MethodGroupsHelper.collectMethodsByGroup() took 0 ms.
2024-12-24 16:33:07,617HH:mm:ss.SSS) [main] INFO  org.testng.internal.Utils(36) - [Utils] MethodGroupsHelper.sortMethods() took 0 ms.
2024-12-24 16:33:07,623HH:mm:ss.SSS) [main] INFO  org.testng.internal.Utils(36) - [TestNG] Running:
  C:\Users\damin\AppData\Local\Temp\testng-eclipse--1487979980\testng-customsuite.xml

2024-12-24 16:33:07,674HH:mm:ss.SSS) [main] INFO  org.testng.internal.Utils(36) - [Utils] DynamicGraphHelper.createDynamicGraph() took 4 ms.
2024-12-24 16:33:16,811HH:mm:ss.SSS) [main] INFO  org.testng.internal.Utils(36) - [TestNG] Time taken by org.testng.reporters.jq.Main@3e6748ae: 62 ms
2024-12-24 16:33:16,811HH:mm:ss.SSS) [main] INFO  org.testng.internal.Utils(36) - [TestNG] Time taken by org.testng.reporters.FailedReporter@28f154cc: 0 ms
2024-12-24 16:33:16,824HH:mm:ss.SSS) [main] INFO  org.testng.internal.Utils(36) - [TestNG] Time taken by org.testng.reporters.XMLReporter@130a6eb9: 13 ms
2024-12-24 16:33:16,831HH:mm:ss.SSS) [main] INFO  org.testng.internal.Utils(36) - [TestNG] Time taken by org.testng.reporters.EmailableReporter2@5aea8994: 7 ms
2024-12-24 16:33:16,840HH:mm:ss.SSS) [main] INFO  org.testng.internal.Utils(36) - [TestNG] Time taken by org.testng.reporters.JUnitReportReporter@409732fb: 9 ms
2024-12-24 16:33:16,840HH:mm:ss.SSS) [main] INFO  org.testng.internal.Utils(36) - [TestNG] Time taken by org.testng.internal.ExitCodeListener@73d62b5: 0 ms
2024-12-24 16:33:35,024HH:mm:ss.SSS) [main] DEBUG org.testng.TestNG(36) - suiteXmlPath: "C:\Users\damin\eclipse-workspace\PetStoreAutomation\testng.xml"
2024-12-24 16:33:35,296HH:mm:ss.SSS) [main] INFO  org.testng.internal.Utils(36) - [TestNG] Running:
  C:\Users\damin\eclipse-workspace\PetStoreAutomation\testng.xml

2024-12-24 16:34:01,902HH:mm:ss.SSS) [main] INFO  api.test.userTests(36) - ***********************Creating User ****************************
2024-12-24 16:34:04,408HH:mm:ss.SSS) [main] INFO  api.test.userTests(36) - ***********************User Created ****************************
2024-12-24 16:34:04,411HH:mm:ss.SSS) [main] INFO  api.test.userTests(36) - ***********************Reading User ****************************
2024-12-24 16:34:06,947HH:mm:ss.SSS) [main] INFO  api.test.userTests(36) - ***********************User Read ****************************
2024-12-24 16:34:06,949HH:mm:ss.SSS) [main] INFO  api.test.userTests(36) - ***********************Updating User ****************************
2024-12-24 16:34:09,002HH:mm:ss.SSS) [main] INFO  api.test.userTests(36) - ***********************User Updated ****************************
2024-12-24 16:34:10,869HH:mm:ss.SSS) [main] INFO  api.test.userTests(36) - ***********************Deleting User ****************************
2024-12-24 16:34:13,351HH:mm:ss.SSS) [main] INFO  api.test.userTests(36) - ***********************User Deleted ****************************
2024-12-24 16:34:36,140HH:mm:ss.SSS) [main] DEBUG org.testng.TestNG(36) - suiteXmlPath: "C:\Users\damin\eclipse-workspace\PetStoreAutomation\testng.xml"
2024-12-24 16:35:05,248HH:mm:ss.SSS) [main] INFO  api.test.userTests(36) - ***********************Creating User ****************************
2024-12-24 16:35:07,873HH:mm:ss.SSS) [main] INFO  api.test.userTests(36) - ***********************User Created ****************************
2024-12-24 16:35:07,875HH:mm:ss.SSS) [main] INFO  api.test.userTests(36) - ***********************Reading User ****************************
2024-12-24 16:35:10,831HH:mm:ss.SSS) [main] INFO  api.test.userTests(36) - ***********************User Read ****************************
2024-12-24 16:35:10,832HH:mm:ss.SSS) [main] INFO  api.test.userTests(36) - ***********************Updating User ****************************
2024-12-24 16:35:13,199HH:mm:ss.SSS) [main] INFO  api.test.userTests(36) - ***********************User Updated ****************************
2024-12-24 16:35:16,310HH:mm:ss.SSS) [main] INFO  api.test.userTests(36) - ***********************Deleting User ****************************
2024-12-24 16:35:18,414HH:mm:ss.SSS) [main] INFO  api.test.userTests(36) - ***********************User Deleted ****************************
2024-12-24 16:35:37,399HH:mm:ss.SSS) [main] DEBUG org.testng.TestNG(36) - suiteXmlPath: "C:\Users\damin\eclipse-workspace\PetStoreAutomation\testng.xml"
2024-12-24 16:36:05,427HH:mm:ss.SSS) [main] INFO  api.test.userTests(36) - ***********************Creating User ****************************
2024-12-24 16:36:07,968HH:mm:ss.SSS) [main] INFO  api.test.userTests(36) - ***********************User Created ****************************
2024-12-24 16:36:07,971HH:mm:ss.SSS) [main] INFO  api.test.userTests(36) - ***********************Reading User ****************************
2024-12-24 16:36:10,918HH:mm:ss.SSS) [main] INFO  api.test.userTests(36) - ***********************User Read ****************************
2024-12-24 16:36:10,922HH:mm:ss.SSS) [main] INFO  api.test.userTests(36) - ***********************Updating User ****************************
2024-12-24 16:36:13,405HH:mm:ss.SSS) [main] INFO  api.test.userTests(36) - ***********************User Updated ****************************
2024-12-24 16:36:15,965HH:mm:ss.SSS) [main] INFO  api.test.userTests(36) - ***********************Deleting User ****************************
2024-12-24 16:36:18,477HH:mm:ss.SSS) [main] INFO  api.test.userTests(36) - ***********************User Deleted ****************************
2024-12-24 16:37:42,298HH:mm:ss.SSS) [main] DEBUG org.testng.TestNG(36) - suiteXmlPath: "C:\Users\damin\eclipse-workspace\PetStoreAutomation\testng.xml"
2024-12-24 16:38:08,351HH:mm:ss.SSS) [main] INFO  api.test.userTests(36) - ***********************Creating User ****************************
2024-12-24 16:38:10,907HH:mm:ss.SSS) [main] INFO  api.test.userTests(36) - ***********************User Created ****************************
2024-12-24 16:38:10,909HH:mm:ss.SSS) [main] INFO  api.test.userTests(36) - ***********************Reading User ****************************
2024-12-24 16:38:12,792HH:mm:ss.SSS) [main] INFO  api.test.userTests(36) - ***********************User Read ****************************
2024-12-24 16:38:12,795HH:mm:ss.SSS) [main] INFO  api.test.userTests(36) - ***********************Updating User ****************************
2024-12-24 16:38:15,600HH:mm:ss.SSS) [main] INFO  api.test.userTests(36) - ***********************User Updated ****************************
2024-12-24 16:38:18,212HH:mm:ss.SSS) [main] INFO  api.test.userTests(36) - ***********************Deleting User ****************************
2024-12-24 16:38:20,736HH:mm:ss.SSS) [main] INFO  api.test.userTests(36) - ***********************User Deleted ****************************
2024-12-24 16:40:52,769HH:mm:ss.SSS) [main] DEBUG org.testng.TestNG(36) - suiteXmlPath: "C:\Users\damin\eclipse-workspace\PetStoreAutomation\testng.xml"
2024-12-24 16:41:20,090HH:mm:ss.SSS) [main] INFO  api.test.userTests(36) - ***********************Creating User ****************************
2024-12-24 16:41:21,915HH:mm:ss.SSS) [main] INFO  api.test.userTests(36) - ***********************User Created ****************************
2024-12-24 16:41:21,917HH:mm:ss.SSS) [main] INFO  api.test.userTests(36) - ***********************Reading User ****************************
2024-12-24 16:41:24,789HH:mm:ss.SSS) [main] INFO  api.test.userTests(36) - ***********************User Read ****************************
2024-12-24 16:41:24,791HH:mm:ss.SSS) [main] INFO  api.test.userTests(36) - ***********************Updating User ****************************
2024-12-24 16:41:27,326HH:mm:ss.SSS) [main] INFO  api.test.userTests(36) - ***********************User Updated ****************************
2024-12-24 16:41:29,898HH:mm:ss.SSS) [main] INFO  api.test.userTests(36) - ***********************Deleting User ****************************
2024-12-24 16:41:32,403HH:mm:ss.SSS) [main] INFO  api.test.userTests(36) - ***********************User Deleted ****************************
2024-12-26 12:40:19,570HH:mm:ss.SSS) [main] DEBUG org.testng.TestNG(36) - suiteXmlPath: "C:\Users\damin\AppData\Local\Temp\testng-eclipse--896142617\testng-customsuite.xml"
2024-12-26 12:40:19,928HH:mm:ss.SSS) [main] INFO  org.testng.internal.Utils(36) - [Utils] MethodGroupsHelper.collectMethodsByGroup() took 0 ms.
2024-12-26 12:40:19,933HH:mm:ss.SSS) [main] INFO  org.testng.internal.Utils(36) - [Utils] MethodGroupsHelper.sortMethods() took 2 ms.
2024-12-26 12:40:19,935HH:mm:ss.SSS) [main] INFO  org.testng.internal.Utils(36) - [Utils] MethodGroupsHelper.collectMethodsByGroup() took 0 ms.
2024-12-26 12:40:19,935HH:mm:ss.SSS) [main] INFO  org.testng.internal.Utils(36) - [Utils] MethodGroupsHelper.sortMethods() took 0 ms.
2024-12-26 12:40:19,942HH:mm:ss.SSS) [main] INFO  org.testng.internal.Utils(36) - [Utils] MethodGroupsHelper.collectMethodsByGroup() took 2 ms.
2024-12-26 12:40:19,958HH:mm:ss.SSS) [main] INFO  org.testng.internal.Utils(36) - [Utils] MethodGroupsHelper.sortMethods() took 16 ms.
2024-12-26 12:40:19,960HH:mm:ss.SSS) [main] INFO  org.testng.internal.Utils(36) - [Utils] MethodGroupsHelper.collectMethodsByGroup() took 0 ms.
2024-12-26 12:40:19,960HH:mm:ss.SSS) [main] INFO  org.testng.internal.Utils(36) - [Utils] MethodGroupsHelper.sortMethods() took 0 ms.
2024-12-26 12:40:19,960HH:mm:ss.SSS) [main] INFO  org.testng.internal.Utils(36) - [Utils] MethodGroupsHelper.collectMethodsByGroup() took 0 ms.
2024-12-26 12:40:19,961HH:mm:ss.SSS) [main] INFO  org.testng.internal.Utils(36) - [Utils] MethodGroupsHelper.sortMethods() took 0 ms.
2024-12-26 12:40:19,961HH:mm:ss.SSS) [main] INFO  org.testng.internal.Utils(36) - [Utils] MethodGroupsHelper.collectMethodsByGroup() took 0 ms.
2024-12-26 12:40:19,961HH:mm:ss.SSS) [main] INFO  org.testng.internal.Utils(36) - [Utils] MethodGroupsHelper.sortMethods() took 0 ms.
2024-12-26 12:40:19,962HH:mm:ss.SSS) [main] INFO  org.testng.internal.Utils(36) - [Utils] MethodGroupsHelper.collectMethodsByGroup() took 0 ms.
2024-12-26 12:40:19,962HH:mm:ss.SSS) [main] INFO  org.testng.internal.Utils(36) - [Utils] MethodGroupsHelper.sortMethods() took 0 ms.
2024-12-26 12:40:19,962HH:mm:ss.SSS) [main] INFO  org.testng.internal.Utils(36) - [Utils] MethodGroupsHelper.collectMethodsByGroup() took 0 ms.
2024-12-26 12:40:19,962HH:mm:ss.SSS) [main] INFO  org.testng.internal.Utils(36) - [Utils] MethodGroupsHelper.sortMethods() took 0 ms.
2024-12-26 12:40:19,964HH:mm:ss.SSS) [main] INFO  org.testng.internal.Utils(36) - [Utils] MethodGroupsHelper.collectMethodsByGroup() took 0 ms.
2024-12-26 12:40:19,964HH:mm:ss.SSS) [main] INFO  org.testng.internal.Utils(36) - [Utils] MethodGroupsHelper.sortMethods() took 0 ms.
2024-12-26 12:40:19,964HH:mm:ss.SSS) [main] INFO  org.testng.internal.Utils(36) - [Utils] MethodGroupsHelper.collectMethodsByGroup() took 0 ms.
2024-12-26 12:40:19,964HH:mm:ss.SSS) [main] INFO  org.testng.internal.Utils(36) - [Utils] MethodGroupsHelper.sortMethods() took 0 ms.
2024-12-26 12:40:19,967HH:mm:ss.SSS) [main] INFO  org.testng.internal.Utils(36) - [Utils] MethodGroupsHelper.collectMethodsByGroup() took 0 ms.
2024-12-26 12:40:19,967HH:mm:ss.SSS) [main] INFO  org.testng.internal.Utils(36) - [Utils] MethodGroupsHelper.sortMethods() took 0 ms.
2024-12-26 12:40:19,969HH:mm:ss.SSS) [main] INFO  org.testng.internal.Utils(36) - [Utils] MethodGroupsHelper.collectMethodsByGroup() took 1 ms.
2024-12-26 12:40:19,969HH:mm:ss.SSS) [main] INFO  org.testng.internal.Utils(36) - [Utils] MethodGroupsHelper.sortMethods() took 0 ms.
2024-12-26 12:40:19,971HH:mm:ss.SSS) [main] INFO  org.testng.internal.Utils(36) - [Utils] MethodGroupsHelper.collectMethodsByGroup() took 0 ms.
2024-12-26 12:40:19,976HH:mm:ss.SSS) [main] INFO  org.testng.internal.Utils(36) - [Utils] MethodGroupsHelper.sortMethods() took 4 ms.
2024-12-26 12:40:19,978HH:mm:ss.SSS) [main] INFO  org.testng.internal.Utils(36) - [Utils] MethodGroupsHelper.collectMethodsByGroup() took 0 ms.
2024-12-26 12:40:19,978HH:mm:ss.SSS) [main] INFO  org.testng.internal.Utils(36) - [Utils] MethodGroupsHelper.sortMethods() took 0 ms.
2024-12-26 12:40:19,978HH:mm:ss.SSS) [main] INFO  org.testng.internal.Utils(36) - [Utils] MethodGroupsHelper.collectMethodsByGroup() took 0 ms.
2024-12-26 12:40:19,978HH:mm:ss.SSS) [main] INFO  org.testng.internal.Utils(36) - [Utils] MethodGroupsHelper.sortMethods() took 0 ms.
2024-12-26 12:40:19,987HH:mm:ss.SSS) [main] INFO  org.testng.internal.Utils(36) - [TestNG] Running:
  C:\Users\damin\AppData\Local\Temp\testng-eclipse--896142617\testng-customsuite.xml

2024-12-26 12:40:20,057HH:mm:ss.SSS) [main] INFO  org.testng.internal.Utils(36) - [Utils] DynamicGraphHelper.createDynamicGraph() took 5 ms.
2024-12-26 12:40:38,022HH:mm:ss.SSS) [main] INFO  org.testng.internal.Utils(36) - [TestNG] Time taken by org.testng.reporters.jq.Main@5b8572df: 98 ms
2024-12-26 12:40:38,047HH:mm:ss.SSS) [main] INFO  org.testng.internal.Utils(36) - [TestNG] Time taken by org.testng.reporters.FailedReporter@3b97907c: 25 ms
2024-12-26 12:40:38,065HH:mm:ss.SSS) [main] INFO  org.testng.internal.Utils(36) - [TestNG] Time taken by org.testng.reporters.XMLReporter@49fdbe2b: 18 ms
2024-12-26 12:40:38,077HH:mm:ss.SSS) [main] INFO  org.testng.internal.Utils(36) - [TestNG] Time taken by org.testng.reporters.EmailableReporter2@521441d5: 11 ms
2024-12-26 12:40:38,088HH:mm:ss.SSS) [main] INFO  org.testng.internal.Utils(36) - [TestNG] Time taken by org.testng.reporters.JUnitReportReporter@1961d75a: 11 ms
2024-12-26 12:40:38,088HH:mm:ss.SSS) [main] INFO  org.testng.internal.Utils(36) - [TestNG] Time taken by org.testng.internal.ExitCodeListener@677ce519: 0 ms
2024-12-26 12:42:27,559HH:mm:ss.SSS) [main] DEBUG org.testng.TestNG(36) - suiteXmlPath: "C:\Users\damin\eclipse-workspace\PetStoreAutomation\testng2.xml"
2024-12-26 12:42:28,069HH:mm:ss.SSS) [main] INFO  org.testng.internal.Utils(36) - [TestNG] Running:
  C:\Users\damin\eclipse-workspace\PetStoreAutomation\testng2.xml

2024-12-26 12:43:05,222HH:mm:ss.SSS) [main] INFO  api.test.userTests2(36) - ***********************Creating User ****************************
2024-12-26 12:43:10,177HH:mm:ss.SSS) [main] INFO  api.test.userTests2(36) - ***********************User Created ****************************
2024-12-26 12:43:10,180HH:mm:ss.SSS) [main] INFO  api.test.userTests2(36) - ***********************Reading User ****************************
2024-12-26 12:43:18,733HH:mm:ss.SSS) [main] INFO  api.test.userTests2(36) - ***********************User Read ****************************
2024-12-26 12:43:18,738HH:mm:ss.SSS) [main] INFO  api.test.userTests2(36) - ***********************Updating User ****************************
2024-12-26 12:43:25,749HH:mm:ss.SSS) [main] INFO  api.test.userTests2(36) - ***********************User Updated ****************************
2024-12-26 12:43:33,584HH:mm:ss.SSS) [main] INFO  api.test.userTests2(36) - ***********************Deleting User ****************************
2024-12-26 12:43:36,404HH:mm:ss.SSS) [main] INFO  api.test.userTests2(36) - ***********************User Deleted ****************************
2024-12-26 12:45:00,872HH:mm:ss.SSS) [main] DEBUG org.testng.TestNG(36) - suiteXmlPath: "C:\Users\damin\eclipse-workspace\PetStoreAutomation\testng2.xml"
2024-12-26 12:45:01,342HH:mm:ss.SSS) [main] INFO  org.testng.internal.Utils(36) - [TestNG] Running:
  C:\Users\damin\eclipse-workspace\PetStoreAutomation\testng2.xml

2024-12-26 12:45:45,377HH:mm:ss.SSS) [main] INFO  api.test.userTests2(36) - ***********************Creating User ****************************
2024-12-26 12:45:48,643HH:mm:ss.SSS) [main] INFO  api.test.userTests2(36) - ***********************User Created ****************************
2024-12-26 12:45:48,646HH:mm:ss.SSS) [main] INFO  api.test.userTests2(36) - ***********************Reading User ****************************
2024-12-26 12:45:53,602HH:mm:ss.SSS) [main] INFO  api.test.userTests2(36) - ***********************User Read ****************************
2024-12-26 12:45:53,605HH:mm:ss.SSS) [main] INFO  api.test.userTests2(36) - ***********************Updating User ****************************
2024-12-26 12:45:58,340HH:mm:ss.SSS) [main] INFO  api.test.userTests2(36) - ***********************User Updated ****************************
2024-12-26 12:46:02,875HH:mm:ss.SSS) [main] INFO  api.test.userTests2(36) - ***********************Deleting User ****************************
2024-12-26 12:46:08,360HH:mm:ss.SSS) [main] INFO  api.test.userTests2(36) - ***********************User Deleted ****************************
2024-12-26 12:47:22,127HH:mm:ss.SSS) [main] DEBUG org.testng.TestNG(36) - suiteXmlPath: "C:\Users\damin\eclipse-workspace\PetStoreAutomation\testng2.xml"
2024-12-26 12:48:16,909HH:mm:ss.SSS) [main] INFO  api.test.userTests2(36) - ***********************Creating User ****************************
2024-12-26 12:48:26,444HH:mm:ss.SSS) [main] INFO  api.test.userTests2(36) - ***********************User Created ****************************
2024-12-26 12:48:26,447HH:mm:ss.SSS) [main] INFO  api.test.userTests2(36) - ***********************Reading User ****************************
2024-12-26 12:48:31,453HH:mm:ss.SSS) [main] INFO  api.test.userTests2(36) - ***********************User Read ****************************
2024-12-26 12:48:31,454HH:mm:ss.SSS) [main] INFO  api.test.userTests2(36) - ***********************Updating User ****************************
2024-12-26 12:48:34,531HH:mm:ss.SSS) [main] INFO  api.test.userTests2(36) - ***********************User Updated ****************************
2024-12-26 12:48:38,837HH:mm:ss.SSS) [main] INFO  api.test.userTests2(36) - ***********************Deleting User ****************************
2024-12-26 12:48:40,659HH:mm:ss.SSS) [main] INFO  api.test.userTests2(36) - ***********************User Deleted ****************************
